0	1	mikroCARM.exe -MSF -DBG -pSTM32F407VG -BIN -LHF -DL -SSA -O11111114 -fo16 -N"C:\Users\pc2\Desktop\GSM_STUD_LIB_To_Edit\gsm.mcpar" -SP"C:\mikroC PRO for ARM\Defs\" -SP"C:\mikroC PRO for ARM\Uses\ST M4\" -SP"C:\Users\pc2\Desktop\GSM_STUD_LIB_To_Edit\" -SP"C:\Users\Public\Documents\Mikroelektronika\mikroC PRO for ARM\Defs\" -SP"C:\Users\Public\Documents\Mikroelektronika\mikroC PRO for ARM\Uses\ST M4\" -IP"C:\mikroC PRO for ARM\Uses\ST M4\" -IP"C:\Users\pc2\Desktop\GSM_STUD_LIB_To_Edit\" -IP"C:\Users\Public\Documents\Mikroelektronika\mikroC PRO for ARM\Uses\ST M4\" -IP"C:\Public\Documents\Mikroelektronika\mikroC PRO for ARM\Uses\TI M3\" "at_engine.c" "GSM_GNSS_2_ARM.c" "__Lib_Math.emcl" "__Lib_MathDouble.emcl" "__Lib_Delays.emcl" "__Lib_System_4XX.emcl" "__Lib_GPIO_32F4xx_Defs.emcl" "__Lib_GPIO_32F4xx.emcl" "__Lib_CType.emcl" "__Lib_CString.emcl" "__Lib_CStdlib.emcl" "__Lib_Conversions.emcl" "__Lib_UART_123_45_6.emcl"	 
warning: 0	1501	Specified search path does not exist: 'C:\Users\Public\Documents\Mikroelektronika\mikroC PRO for ARM\Defs'	 
warning: 0	1501	Specified search path does not exist: 'C:\Users\Public\Documents\Mikroelektronika\mikroC PRO for ARM\Uses\ST M4'	 
warning: 0	1502	Specified include path does not exist: 'C:\Users\Public\Documents\Mikroelektronika\mikroC PRO for ARM\Uses\ST M4'	 
warning: 0	1502	Specified include path does not exist: 'C:\Public\Documents\Mikroelektronika\mikroC PRO for ARM\Uses\TI M3'	 
diagnostics: 0	122	Compilation Started	stdint.h
diagnostics: 584	123	Compiled Successfully	at_engine.c
diagnostics: 0	122	Compilation Started	stdint.h
hint: 0	1004	interrupt handler (TICK_ISR at 0x002C)	GSM_GNSS_2_ARM.c
hint: 0	1004	interrupt handler (RX_ISR at 0x0037)	GSM_GNSS_2_ARM.c
diagnostics: 357	123	Compiled Successfully	GSM_GNSS_2_ARM.c
hint: 218	1164	Variable 'tmp' has been eliminated by optimizer	GSM_GNSS_2_ARM.c
hint: 244	1164	Variable 'rsp' has been eliminated by optimizer	GSM_GNSS_2_ARM.c
hint: 250	1164	Variable 'rsp' has been eliminated by optimizer	GSM_GNSS_2_ARM.c
hint: 255	1164	Variable 'rsp' has been eliminated by optimizer	GSM_GNSS_2_ARM.c
diagnostics: 0	127	All files Compiled in 125 ms	 
hint: 0	1144	Used RX: 16 (100%)   Free RX: 0 (0%)	Used RX: 16 (100%)   Free RX: 0 (0%)
hint: 0	1144	Static RAM (bytes): 1525   Dynamic RAM (bytes): 129541	Static RAM (bytes): 1525   Dynamic RAM (bytes): 129541
hint: 0	1144	Used ROM (bytes): 9318 (1%)  Free ROM (bytes): 1039258 (99%)	Used ROM (bytes): 9318 (1%)  Free ROM (bytes): 1039258 (99%)
diagnostics: 0	125	Project Linked Successfully	gsm.mcpar
diagnostics: 0	128	Linked in 406 ms	 
diagnostics: 0	129	Project 'gsm.mcpar' completed: 703 ms	 
diagnostics: 0	103	Finished successfully: 16 Aug 2018, 14:22:03	gsm.mcpar
