0	1	mikroCARM.exe -MSF -DBG -pSTM32F407VG -BIN -LHF -DL -SSA -O11111114 -fo16 -N"C:\Users\pc2\Desktop\embded\gsm\GSM_STUD_LIB_To_Edit\gsm.mcpar" -SP"C:\mikroC PRO for ARM\Defs\" -SP"C:\mikroC PRO for ARM\Uses\ST M4\" -SP"C:\Users\pc2\Desktop\embded\gsm\GSM_STUD_LIB_To_Edit\" -IP"C:\mikroC PRO for ARM\Uses\ST M4\" -IP"C:\Users\pc2\Desktop\embded\gsm\GSM_STUD_LIB_To_Edit\" "at_engine.c" "GSM_GNSS_2_ARM.c" "touch.c" "__Lib_Math.emcl" "__Lib_MathDouble.emcl" "__Lib_Delays.emcl" "__Lib_System_4XX.emcl" "__Lib_GPIO_32F4xx_Defs.emcl" "__Lib_GPIO_32F4xx.emcl" "__Lib_CType.emcl" "__Lib_CString.emcl" "__Lib_CStdlib.emcl" "__Lib_Conversions.emcl" "__Lib_ADC_123_32F20x_16ch.emcl" "__Lib_UART_123_45_6.emcl" "__Lib_TFT.emcl" "__Lib_TFT_Defs.emcl" "__Lib_TouchPanel_TFT.emcl"	 
diagnostics: 0	122	Compilation Started	stdint.h
diagnostics: 584	123	Compiled Successfully	at_engine.c
diagnostics: 0	122	Compilation Started	stdint.h
hint: 0	1004	interrupt handler (TICK_ISR at 0x002C)	GSM_GNSS_2_ARM.c
hint: 0	1004	interrupt handler (RX_ISR at 0x0037)	GSM_GNSS_2_ARM.c
diagnostics: 561	123	Compiled Successfully	GSM_GNSS_2_ARM.c
hint: 242	1164	Variable 'tmp' has been eliminated by optimizer	GSM_GNSS_2_ARM.c
hint: 268	1164	Variable 'rsp' has been eliminated by optimizer	GSM_GNSS_2_ARM.c
hint: 274	1164	Variable 'rsp' has been eliminated by optimizer	GSM_GNSS_2_ARM.c
hint: 279	1164	Variable 'rsp' has been eliminated by optimizer	GSM_GNSS_2_ARM.c
diagnostics: 0	122	Compilation Started	touch.c
diagnostics: 79	123	Compiled Successfully	touch.c
diagnostics: 0	127	All files Compiled in 218 ms	 
hint: 0	1144	Used RX: 16 (100%)   Free RX: 0 (0%)	Used RX: 16 (100%)   Free RX: 0 (0%)
hint: 0	1144	Static RAM (bytes): 1876   Dynamic RAM (bytes): 129193	Static RAM (bytes): 1876   Dynamic RAM (bytes): 129193
hint: 0	1144	Used ROM (bytes): 27255 (3%)  Free ROM (bytes): 1021321 (97%)	Used ROM (bytes): 27255 (3%)  Free ROM (bytes): 1021321 (97%)
diagnostics: 0	125	Project Linked Successfully	gsm.mcpar
diagnostics: 0	128	Linked in 500 ms	 
diagnostics: 0	129	Project 'gsm.mcpar' completed: 906 ms	 
diagnostics: 0	103	Finished successfully: 16 Aug 2018, 14:58:31	gsm.mcpar
